<?xml version="1.0" encoding="UTF-8"?>
<!-- Generated by org.testng.reporters.JUnitReportReporter -->
<testsuite skipped="0" hostname="WTC-3691713-L1" name="NewRestAssured.NewRestAssured.reconcilewaypointviewer" tests="43" failures="0" timestamp="07 Jan 2019 22:03:56 GMT" time="9.192" errors="0">
  <testcase name="paymenttask" time="0.106" classname="NewRestAssured.NewRestAssured.reconcilewaypointviewer"/>
  <testcase name="tripinterrupt" time="0.115" classname="NewRestAssured.NewRestAssured.reconcilewaypointviewer"/>
  <testcase name="waypointNumber" time="0.082" classname="NewRestAssured.NewRestAssured.reconcilewaypointviewer"/>
  <testcase name="DEVIATION" time="0.219" classname="NewRestAssured.NewRestAssured.reconcilewaypointviewer"/>
  <testcase name="SignatureNotCapturedTaskOutcome" time="0.152" classname="NewRestAssured.NewRestAssured.reconcilewaypointviewer"/>
  <testcase name="taskoutcomedetails" time="0.133" classname="NewRestAssured.NewRestAssured.reconcilewaypointviewer"/>
  <testcase name="RelinquishedTaskOutcomeDETAILS" time="0.225" classname="NewRestAssured.NewRestAssured.reconcilewaypointviewer"/>
  <testcase name="taskType" time="0.161" classname="NewRestAssured.NewRestAssured.reconcilewaypointviewer"/>
  <testcase name="taskUUID" time="0.103" classname="NewRestAssured.NewRestAssured.reconcilewaypointviewer"/>
  <testcase name="handlingUnit" time="0.110" classname="NewRestAssured.NewRestAssured.reconcilewaypointviewer"/>
  <testcase name="ShipmentUnitNotReleasedTaskOutcome" time="0.151" classname="NewRestAssured.NewRestAssured.reconcilewaypointviewer"/>
  <testcase name="AcquiredTaskOutcome" time="2.487" classname="NewRestAssured.NewRestAssured.reconcilewaypointviewer"/>
  <testcase name="waypointType" time="0.097" classname="NewRestAssured.NewRestAssured.reconcilewaypointviewer"/>
  <testcase name="Capturesignaturedetails" time="0.240" classname="NewRestAssured.NewRestAssured.reconcilewaypointviewer"/>
  <testcase name="WayPointAddresscodes" time="0.238" classname="NewRestAssured.NewRestAssured.reconcilewaypointviewer"/>
  <testcase name="tripId" time="0.128" classname="NewRestAssured.NewRestAssured.reconcilewaypointviewer"/>
  <testcase name="REQUESTREROUTE" time="0.142" classname="NewRestAssured.NewRestAssured.reconcilewaypointviewer"/>
  <testcase name="Capturesignature" time="0.382" classname="NewRestAssured.NewRestAssured.reconcilewaypointviewer"/>
  <testcase name="taskOutcome" time="0.080" classname="NewRestAssured.NewRestAssured.reconcilewaypointviewer"/>
  <testcase name="test_operationId" time="0.206" classname="NewRestAssured.NewRestAssured.reconcilewaypointviewer"/>
  <testcase name="paymentaccepteddetails" time="0.156" classname="NewRestAssured.NewRestAssured.reconcilewaypointviewer"/>
  <testcase name="waypointStage" time="0.110" classname="NewRestAssured.NewRestAssured.reconcilewaypointviewer"/>
  <testcase name="REROUTE" time="0.140" classname="NewRestAssured.NewRestAssured.reconcilewaypointviewer"/>
  <testcase name="waypointUUID" time="0.130" classname="NewRestAssured.NewRestAssured.reconcilewaypointviewer"/>
  <testcase name="WayPointAddress" time="0.223" classname="NewRestAssured.NewRestAssured.reconcilewaypointviewer"/>
  <testcase name="REFUSEDTASK" time="0.161" classname="NewRestAssured.NewRestAssured.reconcilewaypointviewer"/>
  <testcase name="RelinquishedTaskOutcome" time="0.159" classname="NewRestAssured.NewRestAssured.reconcilewaypointviewer"/>
  <testcase name="VerifyStatusCode" time="0.298" classname="NewRestAssured.NewRestAssured.reconcilewaypointviewer"/>
  <testcase name="taskaddress" time="0.117" classname="NewRestAssured.NewRestAssured.reconcilewaypointviewer"/>
  <testcase name="tasktimestamp" time="0.127" classname="NewRestAssured.NewRestAssured.reconcilewaypointviewer"/>
  <testcase name="WYtimestamp" time="0.145" classname="NewRestAssured.NewRestAssured.reconcilewaypointviewer"/>
  <testcase name="paymentNOTaccepteddetails" time="0.144" classname="NewRestAssured.NewRestAssured.reconcilewaypointviewer"/>
  <testcase name="taskOutcome2" time="0.193" classname="NewRestAssured.NewRestAssured.reconcilewaypointviewer"/>
  <testcase name="IMPEDEDTASK" time="0.239" classname="NewRestAssured.NewRestAssured.reconcilewaypointviewer"/>
  <testcase name="releaseshipmentdetails" time="0.092" classname="NewRestAssured.NewRestAssured.reconcilewaypointviewer"/>
  <testcase name="ShipmentUnitNotReleased" time="0.156" classname="NewRestAssured.NewRestAssured.reconcilewaypointviewer"/>
  <testcase name="taskOutcome1" time="0.095" classname="NewRestAssured.NewRestAssured.reconcilewaypointviewer"/>
  <testcase name="tripUUID" time="0.094" classname="NewRestAssured.NewRestAssured.reconcilewaypointviewer"/>
  <testcase name="IRREGULARITY" time="0.217" classname="NewRestAssured.NewRestAssured.reconcilewaypointviewer"/>
  <testcase name="UNDELIVERED" time="0.244" classname="NewRestAssured.NewRestAssured.reconcilewaypointviewer"/>
  <testcase name="taskType1" time="0.123" classname="NewRestAssured.NewRestAssured.reconcilewaypointviewer"/>
  <testcase name="taskadress2" time="0.156" classname="NewRestAssured.NewRestAssured.reconcilewaypointviewer"/>
  <testcase name="waypointDate" time="0.116" classname="NewRestAssured.NewRestAssured.reconcilewaypointviewer"/>
</testsuite> <!-- NewRestAssured.NewRestAssured.reconcilewaypointviewer -->
