<?xml version="1.0" encoding="UTF-8"?>
<!-- Generated by org.testng.reporters.JUnitReportReporter -->
<testsuite hostname="WTC-3691713-L1" name="NewRestAssured.NewRestAssured.SampleRestAssured" tests="2" failures="0" timestamp="12 Nov 2018 22:14:47 GMT" time="3.310" errors="0">
  <testcase name="makeSureThatGoogleIsUp1" time="0.154" classname="NewRestAssured.NewRestAssured.SampleRestAssured"/>
  <testcase name="makeSureThatGoogleIsUp" time="3.156" classname="NewRestAssured.NewRestAssured.SampleRestAssured"/>
</testsuite> <!-- NewRestAssured.NewRestAssured.SampleRestAssured -->
