<?xml version="1.0" encoding="UTF-8"?>
<!-- Generated by org.testng.reporters.JUnitReportReporter -->
<testsuite skipped="0" hostname="WTC-3691713-L1" name="NewRestAssured.NewRestAssured.TestforSampleAPI" tests="1" failures="0" timestamp="06 Jan 2019 18:40:50 GMT" time="1.181" errors="0">
  <testcase name="ReconcilewaypointBuilder" time="1.181" classname="NewRestAssured.NewRestAssured.TestforSampleAPI"/>
</testsuite> <!-- NewRestAssured.NewRestAssured.TestforSampleAPI -->
