<?xml version="1.0" encoding="UTF-8"?>
<!-- Generated by org.testng.reporters.JUnitReportReporter -->
<testsuite skipped="0" hostname="WTC-3691713-L1" name="NewRestAssured.NewRestAssured.TestforSampleAPI" tests="1" failures="0" timestamp="07 Jan 2019 22:02:34 GMT" time="10.208" errors="0">
  <testcase name="ReconcilewaypointBuilder" time="10.208" classname="NewRestAssured.NewRestAssured.TestforSampleAPI"/>
</testsuite> <!-- NewRestAssured.NewRestAssured.TestforSampleAPI -->
