<?xml version="1.0" encoding="UTF-8"?>
<!-- Generated by org.testng.reporters.JUnitReportReporter -->
<testsuite skipped="0" hostname="WTC-3691713-L1" name="NewRestAssured.NewRestAssured.reconcilewaypointviewer" tests="43" failures="1" timestamp="06 Jan 2019 18:40:50 GMT" time="12.239" errors="0">
  <testcase name="WayPointAddresscodes" time="0.136" classname="NewRestAssured.NewRestAssured.reconcilewaypointviewer"/>
  <testcase name="waypointType" time="0.086" classname="NewRestAssured.NewRestAssured.reconcilewaypointviewer"/>
  <testcase name="tasktimestamp" time="0.074" classname="NewRestAssured.NewRestAssured.reconcilewaypointviewer"/>
  <testcase name="taskType" time="0.058" classname="NewRestAssured.NewRestAssured.reconcilewaypointviewer"/>
  <testcase name="tripId" time="0.088" classname="NewRestAssured.NewRestAssured.reconcilewaypointviewer"/>
  <testcase name="handlingUnit" time="0.093" classname="NewRestAssured.NewRestAssured.reconcilewaypointviewer"/>
  <testcase name="paymenttask" time="0.088" classname="NewRestAssured.NewRestAssured.reconcilewaypointviewer"/>
  <testcase name="WYtimestamp" time="0.094" classname="NewRestAssured.NewRestAssured.reconcilewaypointviewer"/>
  <testcase name="taskOutcome2" time="0.072" classname="NewRestAssured.NewRestAssured.reconcilewaypointviewer"/>
  <testcase name="UNDELIVERED" time="0.146" classname="NewRestAssured.NewRestAssured.reconcilewaypointviewer"/>
  <testcase name="ShipmentUnitNotReleased" time="0.103" classname="NewRestAssured.NewRestAssured.reconcilewaypointviewer"/>
  <testcase name="test_operationId" time="0.162" classname="NewRestAssured.NewRestAssured.reconcilewaypointviewer"/>
  <testcase name="waypointUUID" time="0.101" classname="NewRestAssured.NewRestAssured.reconcilewaypointviewer">
    <failure type="java.lang.AssertionError" message="1 expectation failed.
JSON path get(0).waypointUUID doesn&#039;t match.
Expected: THANKYOU
  Actual: VIEWER
">
      <![CDATA[java.lang.AssertionError: 1 expectation failed.
JSON path get(0).waypointUUID doesn't match.
Expected: THANKYOU
  Actual: VIEWER

at sun.reflect.NativeConstructorAccessorImpl.newInstance0(Native Method)
at sun.reflect.NativeConstructorAccessorImpl.newInstance(Unknown Source)
at sun.reflect.DelegatingConstructorAccessorImpl.newInstance(Unknown Source)
at java.lang.reflect.Constructor.newInstance(Unknown Source)
at org.codehaus.groovy.reflection.CachedConstructor.invoke(CachedConstructor.java:83)
at org.codehaus.groovy.reflection.CachedConstructor.doConstructorInvoke(CachedConstructor.java:77)
at org.codehaus.groovy.runtime.callsite.ConstructorSite$ConstructorSiteNoUnwrap.callConstructor(ConstructorSite.java:84)
at org.codehaus.groovy.runtime.callsite.CallSiteArray.defaultCallConstructor(CallSiteArray.java:60)
at org.codehaus.groovy.runtime.callsite.AbstractCallSite.callConstructor(AbstractCallSite.java:235)
at org.codehaus.groovy.runtime.callsite.AbstractCallSite.callConstructor(AbstractCallSite.java:247)
at com.jayway.restassured.internal.ResponseSpecificationImpl$HamcrestAssertionClosure.validate(ResponseSpecificationImpl.groovy:598)
at com.jayway.restassured.internal.ResponseSpecificationImpl$HamcrestAssertionClosure$validate$1.call(Unknown Source)
at com.jayway.restassured.internal.ResponseSpecificationImpl.validateResponseIfRequired(ResponseSpecificationImpl.groovy:760)
at sun.reflect.GeneratedMethodAccessor37.invoke(Unknown Source)
at sun.reflect.DelegatingMethodAccessorImpl.invoke(Unknown Source)
at java.lang.reflect.Method.invoke(Unknown Source)
at org.codehaus.groovy.runtime.callsite.PogoMetaMethodSite$PogoCachedMethodSiteNoUnwrapNoCoerce.invoke(PogoMetaMethodSite.java:210)
at org.codehaus.groovy.runtime.callsite.PogoMetaMethodSite.callCurrent(PogoMetaMethodSite.java:59)
at org.codehaus.groovy.runtime.callsite.AbstractCallSite.callCurrent(AbstractCallSite.java:166)
at com.jayway.restassured.internal.ResponseSpecificationImpl.content(ResponseSpecificationImpl.groovy:251)
at com.jayway.restassured.specification.ResponseSpecification$content$1.callCurrent(Unknown Source)
at com.jayway.restassured.internal.ResponseSpecificationImpl.body(ResponseSpecificationImpl.groovy:234)
at com.jayway.restassured.internal.ValidatableResponseOptionsImpl.body(ValidatableResponseOptionsImpl.java:264)
at NewRestAssured.NewRestAssured.reconcilewaypointviewer.waypointUUID(reconcilewaypointviewer.java:101)
at sun.reflect.NativeMethodAccessorImpl.invoke0(Native Method)
at sun.reflect.NativeMethodAccessorImpl.invoke(Unknown Source)
at sun.reflect.DelegatingMethodAccessorImpl.invoke(Unknown Source)
at java.lang.reflect.Method.invoke(Unknown Source)
at org.testng.internal.MethodInvocationHelper.invokeMethod(MethodInvocationHelper.java:124)
at org.testng.internal.Invoker.invokeMethod(Invoker.java:580)
at org.testng.internal.Invoker.invokeTestMethod(Invoker.java:716)
at org.testng.internal.Invoker.invokeTestMethods(Invoker.java:988)
at org.testng.internal.TestMethodWorker.invokeTestMethods(TestMethodWorker.java:125)
at org.testng.internal.TestMethodWorker.run(TestMethodWorker.java:109)
at org.testng.TestRunner.privateRun(TestRunner.java:648)
at org.testng.TestRunner.run(TestRunner.java:505)
at org.testng.SuiteRunner.runTest(SuiteRunner.java:455)
at org.testng.SuiteRunner.runSequentially(SuiteRunner.java:450)
at org.testng.SuiteRunner.privateRun(SuiteRunner.java:415)
at org.testng.SuiteRunner.run(SuiteRunner.java:364)
at org.testng.SuiteRunnerWorker.runSuite(SuiteRunnerWorker.java:52)
at org.testng.SuiteRunnerWorker.run(SuiteRunnerWorker.java:84)
at org.testng.TestNG.runSuitesSequentially(TestNG.java:1208)
at org.testng.TestNG.runSuitesLocally(TestNG.java:1137)
at org.testng.TestNG.runSuites(TestNG.java:1049)
at org.testng.TestNG.run(TestNG.java:1017)
at org.testng.remote.AbstractRemoteTestNG.run(AbstractRemoteTestNG.java:114)
at org.testng.remote.RemoteTestNG.initAndRun(RemoteTestNG.java:251)
at org.testng.remote.RemoteTestNG.main(RemoteTestNG.java:77)
]]>
    </failure>
  </testcase> <!-- waypointUUID -->
  <testcase name="REROUTE" time="0.131" classname="NewRestAssured.NewRestAssured.reconcilewaypointviewer"/>
  <testcase name="taskType1" time="0.080" classname="NewRestAssured.NewRestAssured.reconcilewaypointviewer"/>
  <testcase name="taskadress2" time="0.099" classname="NewRestAssured.NewRestAssured.reconcilewaypointviewer"/>
  <testcase name="tripUUID" time="0.125" classname="NewRestAssured.NewRestAssured.reconcilewaypointviewer"/>
  <testcase name="paymentaccepteddetails" time="0.233" classname="NewRestAssured.NewRestAssured.reconcilewaypointviewer"/>
  <testcase name="REFUSEDTASK" time="0.157" classname="NewRestAssured.NewRestAssured.reconcilewaypointviewer"/>
  <testcase name="taskaddress" time="0.078" classname="NewRestAssured.NewRestAssured.reconcilewaypointviewer"/>
  <testcase name="taskOutcome1" time="0.068" classname="NewRestAssured.NewRestAssured.reconcilewaypointviewer"/>
  <testcase name="paymentNOTaccepteddetails" time="0.122" classname="NewRestAssured.NewRestAssured.reconcilewaypointviewer"/>
  <testcase name="releaseshipmentdetails" time="0.101" classname="NewRestAssured.NewRestAssured.reconcilewaypointviewer"/>
  <testcase name="VerifyStatusCode" time="0.086" classname="NewRestAssured.NewRestAssured.reconcilewaypointviewer"/>
  <testcase name="IRREGULARITY" time="0.147" classname="NewRestAssured.NewRestAssured.reconcilewaypointviewer"/>
  <testcase name="waypointDate" time="0.111" classname="NewRestAssured.NewRestAssured.reconcilewaypointviewer"/>
  <testcase name="taskUUID" time="0.064" classname="NewRestAssured.NewRestAssured.reconcilewaypointviewer"/>
  <testcase name="Capturesignature" time="3.314" classname="NewRestAssured.NewRestAssured.reconcilewaypointviewer"/>
  <testcase name="ShipmentUnitNotReleasedTaskOutcome" time="0.109" classname="NewRestAssured.NewRestAssured.reconcilewaypointviewer"/>
  <testcase name="waypointNumber" time="0.075" classname="NewRestAssured.NewRestAssured.reconcilewaypointviewer"/>
  <testcase name="AcquiredTaskOutcome" time="0.845" classname="NewRestAssured.NewRestAssured.reconcilewaypointviewer"/>
  <testcase name="WayPointAddress" time="0.094" classname="NewRestAssured.NewRestAssured.reconcilewaypointviewer"/>
  <testcase name="DEVIATION" time="0.423" classname="NewRestAssured.NewRestAssured.reconcilewaypointviewer"/>
  <testcase name="tripinterrupt" time="0.210" classname="NewRestAssured.NewRestAssured.reconcilewaypointviewer"/>
  <testcase name="SignatureNotCapturedTaskOutcome" time="0.112" classname="NewRestAssured.NewRestAssured.reconcilewaypointviewer"/>
  <testcase name="REQUESTREROUTE" time="0.128" classname="NewRestAssured.NewRestAssured.reconcilewaypointviewer"/>
  <testcase name="IMPEDEDTASK" time="0.209" classname="NewRestAssured.NewRestAssured.reconcilewaypointviewer"/>
  <testcase name="RelinquishedTaskOutcome" time="0.160" classname="NewRestAssured.NewRestAssured.reconcilewaypointviewer"/>
  <testcase name="taskOutcome" time="0.079" classname="NewRestAssured.NewRestAssured.reconcilewaypointviewer"/>
  <testcase name="waypointStage" time="0.087" classname="NewRestAssured.NewRestAssured.reconcilewaypointviewer"/>
  <testcase name="Capturesignaturedetails" time="0.261" classname="NewRestAssured.NewRestAssured.reconcilewaypointviewer"/>
  <testcase name="RelinquishedTaskOutcomeDETAILS" time="3.130" classname="NewRestAssured.NewRestAssured.reconcilewaypointviewer"/>
  <testcase name="taskoutcomedetails" time="0.100" classname="NewRestAssured.NewRestAssured.reconcilewaypointviewer"/>
</testsuite> <!-- NewRestAssured.NewRestAssured.reconcilewaypointviewer -->
